\BOOKMARK [0][-]{chapter*.3}{\376\377\000C\000o\000n\000t\000e\000n\000t\000s}{}% 1
\BOOKMARK [0][-]{chapter.1}{\376\377\000E\000x\000e\000r\000c\000\355\000c\000i\000o\000\040\0001}{}% 2
\BOOKMARK [1][-]{section.1.1}{\376\377\000Q\000u\000e\000b\000r\000a\000\040\000d\000e\000\040\000P\000a\000s\000s\000w\000o\000r\000d\000s\000\040\000c\000o\000m\000\040\000J\000o\000h\000n\000\040\000t\000h\000e\000\040\000R\000i\000p\000p\000e\000r}{chapter.1}% 3
\BOOKMARK [1][-]{section.1.2}{\376\377\000E\000x\000e\000c\000u\000\347\000\343\000o\000\040\000c\000o\000m\000\040\000o\000p\000\347\000\365\000e\000s\000\040\000p\000o\000r\000\040\000o\000m\000i\000s\000s\000\343\000o}{chapter.1}% 4
\BOOKMARK [1][-]{section.1.3}{\376\377\000A\000t\000a\000q\000u\000e\000\040\000c\000o\000m\000\040\000d\000i\000c\000i\000o\000n\000\341\000r\000i\000o}{chapter.1}% 5
\BOOKMARK [1][-]{section.1.4}{\376\377\000A\000t\000a\000q\000u\000e\000\040\000d\000i\000r\000e\000c\000i\000o\000n\000a\000d\000o\000\040\000\340\000\040\000p\000a\000s\000s\000w\000o\000r\000d\000\040\000d\000a\000\040\000m\000a\000l\000l\000o\000r\000y}{chapter.1}% 6
\BOOKMARK [0][-]{chapter.2}{\376\377\000E\000x\000e\000r\000c\000\355\000c\000i\000o\000\040\0002}{}% 7
\BOOKMARK [1][-]{section.2.1}{\376\377\000E\000s\000t\000a\000d\000o\000\040\000d\000e\000\040\000a\000u\000t\000e\000n\000t\000i\000c\000a\000\347\000\343\000o\000\040\000n\000o\000\040\000M\000o\000o\000d\000l\000e}{chapter.2}% 8
\BOOKMARK [1][-]{section.2.2}{\376\377\000A\000c\000e\000s\000s\000o\000\040\000a\000o\000\040\000p\000e\000r\000f\000i\000l\000\040\000u\000s\000a\000n\000d\000o\000\040\000o\000u\000t\000r\000o\000\040\000c\000l\000i\000e\000n\000t\000e}{chapter.2}% 9
\BOOKMARK [0][-]{chapter.3}{\376\377\000E\000x\000e\000r\000c\000\355\000c\000i\000o\000\040\0003}{}% 10
\BOOKMARK [1][-]{section.3.1}{\376\377\000I\000n\000t\000e\000g\000r\000a\000\347\000\343\000o\000\040\000O\000A\000u\000t\000h\0002\000\040\000e\000\040\000O\000p\000e\000n\000I\000D\000\040\000C\000o\000n\000n\000e\000c\000t\000\040\000d\000o\000\040\000C\000a\000l\000e\000n\000d\000l\000y}{chapter.3}% 11
\BOOKMARK [1][-]{section.3.2}{\376\377\000A\000u\000t\000e\000n\000t\000i\000c\000a\000\347\000\343\000o\000\040\000c\000o\000m\000\040\000M\000i\000c\000r\000o\000s\000o\000f\000t}{chapter.3}% 12
\BOOKMARK [1][-]{section.3.3}{\376\377\000A\000u\000t\000e\000n\000t\000i\000c\000a\000\347\000\343\000o\000\040\000c\000o\000m\000\040\000G\000o\000o\000g\000l\000e}{chapter.3}% 13
\BOOKMARK [1][-]{section.3.4}{\376\377\000C\000o\000m\000p\000a\000r\000a\000\347\000\343\000o\000\040\000e\000n\000t\000r\000e\000\040\000M\000i\000c\000r\000o\000s\000o\000f\000t\000\040\000e\000\040\000G\000o\000o\000g\000l\000e}{chapter.3}% 14
\BOOKMARK [1][-]{section.3.5}{\376\377\000P\000r\000e\000s\000e\000n\000\347\000a\000\040\000d\000o\000\040\000a\000c\000c\000e\000s\000s\000\040\000t\000o\000k\000e\000n\000\040\000e\000\040\000i\000d\000\040\000t\000o\000k\000e\000n\000\040\000n\000o\000\040\000b\000r\000o\000w\000s\000e\000r}{chapter.3}% 15
\BOOKMARK [0][-]{chapter.4}{\376\377\000E\000x\000e\000r\000c\000\355\000c\000i\000o\000\040\0004}{}% 16
\BOOKMARK [1][-]{section.4.1}{\376\377\000P\000o\000l\000\355\000t\000i\000c\000a\000\040\000d\000e\000\040\000c\000o\000n\000t\000r\000o\000l\000o\000\040\000d\000e\000\040\000a\000c\000e\000s\000s\000o\000s}{chapter.4}% 17
\BOOKMARK [1][-]{section.4.2}{\376\377\000A\000n\000\341\000l\000i\000s\000e\000\040\000d\000e\000\040\000a\000c\000e\000s\000s\000o}{chapter.4}% 18
\BOOKMARK [1][-]{section.4.3}{\376\377\000C\000o\000n\000c\000l\000u\000s\000\343\000o}{chapter.4}% 19
\BOOKMARK [0][-]{chapter.5}{\376\377\000E\000x\000e\000r\000c\000\355\000c\000i\000o\000\040\0005}{}% 20
\BOOKMARK [1][-]{section.5.1}{\376\377\000C\000o\000n\000f\000i\000g\000u\000r\000a\000\347\000\343\000o\000\040\000d\000e\000\040\000u\000m\000\040\000s\000e\000r\000v\000i\000d\000o\000r\000\040\000H\000T\000T\000P\000S\000\040\000e\000\040\000a\000u\000t\000e\000n\000t\000i\000c\000a\000\347\000\343\000o\000\040\000d\000e\000\040\000c\000l\000i\000e\000n\000t\000e}{chapter.5}% 21
\BOOKMARK [2][-]{subsection.5.1.1}{\376\377\000C\000o\000n\000f\000i\000g\000u\000r\000a\000\347\000\343\000o\000\040\000s\000e\000m\000\040\000a\000u\000t\000e\000n\000t\000i\000c\000a\000\347\000\343\000o\000\040\000d\000e\000\040\000c\000l\000i\000e\000n\000t\000e}{section.5.1}% 22
\BOOKMARK [2][-]{subsection.5.1.2}{\376\377\000C\000o\000n\000f\000i\000g\000u\000r\000a\000\347\000\343\000o\000\040\000c\000o\000m\000\040\000a\000u\000t\000e\000n\000t\000i\000c\000a\000\347\000\343\000o\000\040\000d\000e\000\040\000c\000l\000i\000e\000n\000t\000e}{section.5.1}% 23
\BOOKMARK [2][-]{subsection.5.1.3}{\376\377\000\050\000i\000\051\000\040\000A\000l\000g\000o\000r\000i\000t\000m\000o\000s\000\040\000d\000e\000\040\000s\000e\000g\000u\000r\000a\000n\000\347\000a\000\040\000u\000s\000a\000d\000o\000s\000\040\000n\000o\000\040\000R\000e\000c\000o\000r\000d\000\040\000P\000r\000o\000t\000o\000c\000o\000l}{section.5.1}% 24
\BOOKMARK [2][-]{subsection.5.1.4}{\376\377\000\050\000i\000i\000\051\000\040\000V\000u\000l\000n\000e\000r\000a\000b\000i\000l\000i\000d\000a\000d\000e\000\040\000d\000a\000\040\000c\000i\000p\000h\000e\000r\000\040\000s\000u\000i\000t\000e\000\040\000T\000L\000S\000\137\000R\000S\000A\000\137\000W\000I\000T\000H\000\137\000A\000E\000S\000\137\0001\0002\0008\000\137\000C\000B\000C\000\137\000S\000H\000A\0002\0005\0006}{section.5.1}% 25
\BOOKMARK [1][-]{section.5.2}{\376\377\000L\000i\000g\000a\000\347\000\343\000o\000\040\000a\000\040\000s\000e\000r\000v\000i\000d\000o\000r\000\040\000H\000T\000T\000P\000S\000\040\000u\000s\000a\000n\000d\000o\000\040\000J\000C\000A}{chapter.5}% 26
\BOOKMARK [0][-]{chapter.6}{\376\377\000E\000x\000e\000r\000c\000\355\000c\000i\000o\000\040\0006}{}% 27
\BOOKMARK [1][-]{section.6.1}{\376\377\000A\000p\000l\000i\000c\000a\000\347\000\343\000o\000\040\000W\000e\000b\000\040\000G\000i\000t\000T\000a\000s\000k\000s}{chapter.6}% 28
\BOOKMARK [1][-]{section.6.2}{\376\377\000C\000o\000n\000f\000i\000g\000u\000r\000a\000\347\000\343\000o\000\040\000e\000\040\000v\000a\000r\000i\000\341\000v\000e\000i\000s\000\040\000d\000e\000\040\000a\000m\000b\000i\000e\000n\000t\000e}{chapter.6}% 29
\BOOKMARK [1][-]{section.6.3}{\376\377\000A\000u\000t\000e\000n\000t\000i\000c\000a\000\347\000\343\000o\000\040\000d\000e\000\040\000u\000t\000i\000l\000i\000z\000a\000d\000o\000r\000e\000s}{chapter.6}% 30
\BOOKMARK [1][-]{section.6.4}{\376\377\000A\000u\000t\000o\000r\000i\000z\000a\000\347\000\343\000o\000\040\000e\000\040\000p\000a\000p\000\351\000i\000s\000\040\000\050\000R\000B\000A\000C\000\051}{chapter.6}% 31
\BOOKMARK [2][-]{subsection.6.4.1}{\376\377\000A\000t\000r\000i\000b\000u\000i\000\347\000\343\000o\000\040\000d\000e\000\040\000p\000a\000p\000\351\000i\000s}{section.6.4}% 32
\BOOKMARK [2][-]{subsection.6.4.2}{\376\377\000P\000e\000r\000m\000i\000s\000s\000\365\000e\000s}{section.6.4}% 33
\BOOKMARK [1][-]{section.6.5}{\376\377\000I\000n\000t\000e\000g\000r\000a\000\347\000\343\000o\000\040\000c\000o\000m\000\040\000G\000i\000t\000H\000u\000b}{chapter.6}% 34
\BOOKMARK [1][-]{section.6.6}{\376\377\000I\000n\000t\000e\000g\000r\000a\000\347\000\343\000o\000\040\000c\000o\000m\000\040\000G\000o\000o\000g\000l\000e\000\040\000T\000a\000s\000k\000s}{chapter.6}% 35
\BOOKMARK [1][-]{section.6.7}{\376\377\000S\000e\000s\000s\000\365\000e\000s\000\040\000e\000\040\000a\000r\000m\000a\000z\000e\000n\000a\000m\000e\000n\000t\000o\000\040\000e\000m\000\040\000m\000e\000m\000\363\000r\000i\000a}{chapter.6}% 36
\BOOKMARK [1][-]{section.6.8}{\376\377\000I\000n\000t\000e\000r\000f\000a\000c\000e\000\040\000W\000e\000b}{chapter.6}% 37
\BOOKMARK [1][-]{section.6.9}{\376\377\000S\000e\000g\000u\000r\000a\000n\000\347\000a\000\040\000e\000\040\000c\000o\000n\000t\000r\000o\000l\000o\000\040\000d\000e\000\040\000a\000c\000e\000s\000s\000o}{chapter.6}% 38
\BOOKMARK [1][-]{section.6.10}{\376\377\000R\000e\000s\000u\000m\000o}{chapter.6}% 39
