\BOOKMARK [0][-]{chapter*.3}{\376\377\000C\000o\000n\000t\000e\000n\000t\000s}{}% 1
\BOOKMARK [0][-]{chapter.1}{\376\377\000E\000x\000e\000r\000c\000\355\000c\000i\000o\000\040\0001}{}% 2
\BOOKMARK [1][-]{section.1.1}{\376\377\000T\000i\000p\000o\000s\000\040\000d\000e\000\040\000p\000r\000o\000t\000e\000\347\000\343\000o\000\040\000e\000\040\000o\000p\000e\000r\000a\000\347\000\365\000e\000s\000\040\000c\000r\000i\000p\000t\000o\000g\000r\000\341\000f\000i\000c\000a\000s}{chapter.1}% 3
\BOOKMARK [1][-]{section.1.2}{\376\377\000M\000o\000d\000o\000s\000\040\000d\000e\000\040\000o\000p\000e\000r\000a\000\347\000\343\000o\000\040\000e\000\040\000d\000i\000f\000e\000r\000e\000n\000\347\000a\000s}{chapter.1}% 4
\BOOKMARK [1][-]{section.1.3}{\376\377\000D\000e\000s\000p\000r\000o\000t\000e\000g\000e\000r\000\040\000e\000\040\000v\000e\000r\000i\000f\000i\000c\000a\000r}{chapter.1}% 5
\BOOKMARK [0][-]{chapter.2}{\376\377\000E\000x\000e\000r\000c\000\355\000c\000i\000o\000\040\0002}{}% 6
\BOOKMARK [1][-]{section.2.1}{\376\377\000I\000m\000p\000l\000e\000m\000e\000n\000t\000a\000\347\000\343\000o\000\040\000d\000a\000\040\000c\000o\000m\000u\000n\000i\000c\000a\000\347\000\343\000o}{chapter.2}% 7
\BOOKMARK [1][-]{section.2.2}{\376\377\000A\000n\000\341\000l\000i\000s\000e\000\040\000d\000e\000\040\000c\000o\000n\000f\000i\000d\000e\000n\000c\000i\000a\000l\000i\000d\000a\000d\000e\000\040\000e\000\040\000i\000n\000t\000e\000g\000r\000i\000d\000a\000d\000e}{chapter.2}% 8
\BOOKMARK [0][-]{chapter.3}{\376\377\000E\000x\000e\000r\000c\000\355\000c\000i\000o\000\040\0003}{}% 9
\BOOKMARK [1][-]{section.3.1}{\376\377\000C\000a\000d\000e\000i\000a\000\040\000d\000e\000\040\000c\000e\000r\000t\000i\000f\000i\000c\000a\000d\000o\000s\000\040\000d\000o\000\040\000s\000i\000t\000e\000\040\000e\000x\000a\000m\000p\000l\000e\000.\000o\000r\000g}{chapter.3}% 10
\BOOKMARK [1][-]{section.3.2}{\376\377\000A\000l\000g\000o\000r\000i\000t\000m\000o\000\040\000d\000e\000\040\000a\000s\000s\000i\000n\000a\000t\000u\000r\000a\000\040\000d\000o\000\040\000c\000e\000r\000t\000i\000f\000i\000c\000a\000d\000o}{chapter.3}% 11
\BOOKMARK [0][-]{chapter.4}{\376\377\000E\000x\000e\000r\000c\000\355\000c\000i\000o\000\040\0004}{}% 12
\BOOKMARK [1][-]{section.4.1}{\376\377\000F\000u\000n\000\347\000\343\000o\000\040\000d\000e\000\040\000h\000a\000s\000h\000\040\000H\0001\0006}{chapter.4}% 13
\BOOKMARK [1][-]{section.4.2}{\376\377\000I\000m\000p\000l\000e\000m\000e\000n\000t\000a\000\347\000\343\000o\000\040\000e\000m\000\040\000J\000a\000v\000a}{chapter.4}% 14
\BOOKMARK [1][-]{section.4.3}{\376\377\000R\000e\000s\000u\000l\000t\000a\000d\000o\000s\000\040\000e\000\040\000a\000m\000b\000i\000e\000n\000t\000e\000\040\000d\000e\000\040\000t\000e\000s\000t\000e}{chapter.4}% 15
\BOOKMARK [1][-]{section.4.4}{\376\377\000C\000o\000n\000s\000e\000q\000u\000\352\000n\000c\000i\000a\000s\000\040\000p\000a\000r\000a\000\040\000S\000H\000A\000-\0002\0005\0006\000\040\000c\000o\000m\000p\000l\000e\000t\000o}{chapter.4}% 16
\BOOKMARK [0][-]{chapter.5}{\376\377\000E\000x\000e\000r\000c\000\355\000c\000i\000o\000\040\0005}{}% 17
\BOOKMARK [1][-]{section.5.1}{\376\377\000C\000i\000f\000r\000a\000\040\000a\000u\000t\000e\000n\000t\000i\000c\000a\000d\000a\000\040\000e\000\040\000e\000s\000t\000a\000b\000e\000l\000e\000c\000i\000m\000e\000n\000t\000o\000\040\000d\000e\000\040\000c\000h\000a\000v\000e\000s}{chapter.5}% 18
\BOOKMARK [2][-]{subsection.5.1.1}{\376\377\000D\000e\000s\000c\000r\000i\000\347\000\343\000o\000\040\000g\000e\000r\000a\000l\000\040\000d\000a\000\040\000i\000m\000p\000l\000e\000m\000e\000n\000t\000a\000\347\000\343\000o}{section.5.1}% 19
\BOOKMARK [2][-]{subsection.5.1.2}{\376\377\000G\000e\000r\000a\000\347\000\343\000o\000\040\000a\000l\000e\000a\000t\000\363\000r\000i\000a\000\040\000d\000a\000\040\000c\000h\000a\000v\000e}{section.5.1}% 20
\BOOKMARK [2][-]{subsection.5.1.3}{\376\377\000P\000r\000o\000c\000e\000s\000s\000o\000\040\000d\000e\000\040\000c\000i\000f\000r\000a\000\040\000a\000u\000t\000e\000n\000t\000i\000c\000a\000d\000a}{section.5.1}% 21
\BOOKMARK [2][-]{subsection.5.1.4}{\376\377\000P\000r\000o\000c\000e\000s\000s\000o\000\040\000d\000e\000\040\000d\000e\000c\000i\000f\000r\000a\000\040\000e\000\040\000v\000e\000r\000i\000f\000i\000c\000a\000\347\000\343\000o}{section.5.1}% 22
\BOOKMARK [2][-]{subsection.5.1.5}{\376\377\000C\000o\000m\000a\000n\000d\000o\000s\000\040\000e\000\040\000e\000x\000e\000c\000u\000\347\000\343\000o}{section.5.1}% 23
\BOOKMARK [1][-]{section.5.2}{\376\377\000E\000s\000t\000a\000b\000e\000l\000e\000c\000i\000m\000e\000n\000t\000o\000\040\000d\000e\000\040\000c\000h\000a\000v\000e\000s\000\040\000s\000e\000m\000\040\000c\000a\000n\000a\000l\000\040\000s\000e\000g\000u\000r\000o}{chapter.5}% 24
\BOOKMARK [2][-]{subsection.5.2.1}{\376\377\000E\000s\000q\000u\000e\000m\000a\000\040\000h\000\355\000b\000r\000i\000d\000o\000\040\000d\000e\000\040\000t\000r\000o\000c\000a\000\040\000d\000e\000\040\000c\000h\000a\000v\000e\000s}{section.5.2}% 25
\BOOKMARK [2][-]{subsection.5.2.2}{\376\377\000M\000o\000d\000i\000f\000i\000c\000a\000\347\000\343\000o\000\040\000\340\000\040\000d\000e\000f\000i\000n\000i\000\347\000\343\000o\000\040\000\050\0001\000\051}{section.5.2}% 26
\BOOKMARK [2][-]{subsection.5.2.3}{\376\377\000V\000a\000n\000t\000a\000g\000e\000n\000s\000\040\000d\000o\000\040\000e\000s\000q\000u\000e\000m\000a\000\040\000h\000\355\000b\000r\000i\000d\000o}{section.5.2}% 27
\BOOKMARK [0][-]{chapter.6}{\376\377\000E\000x\000e\000r\000c\000\355\000c\000i\000o\000\040\0006}{}% 28
\BOOKMARK [1][-]{section.6.1}{\376\377\000A\000s\000s\000i\000n\000a\000t\000u\000r\000a\000\040\000d\000i\000g\000i\000t\000a\000l\000\040\000c\000o\000m\000\040\000R\000S\000A}{chapter.6}% 29
\BOOKMARK [2][-]{subsection.6.1.1}{\376\377\000D\000e\000s\000c\000r\000i\000\347\000\343\000o\000\040\000g\000e\000r\000a\000l\000\040\000d\000a\000\040\000i\000m\000p\000l\000e\000m\000e\000n\000t\000a\000\347\000\343\000o}{section.6.1}% 30
\BOOKMARK [2][-]{subsection.6.1.2}{\376\377\000M\000o\000d\000o\000\040\000d\000e\000\040\000a\000s\000s\000i\000n\000a\000t\000u\000r\000a\000\040\000\050\000-\000s\000i\000g\000n\000\051}{section.6.1}% 31
\BOOKMARK [2][-]{subsection.6.1.3}{\376\377\000M\000o\000d\000o\000\040\000d\000e\000\040\000v\000e\000r\000i\000f\000i\000c\000a\000\347\000\343\000o\000\040\000\050\000-\000v\000e\000r\000i\000f\000y\000\051}{section.6.1}% 32
\BOOKMARK [2][-]{subsection.6.1.4}{\376\377\000P\000r\000o\000c\000e\000s\000s\000a\000m\000e\000n\000t\000o\000\040\000d\000e\000\040\000f\000i\000c\000h\000e\000i\000r\000o\000s\000\040\000d\000e\000\040\000g\000r\000a\000n\000d\000e\000\040\000d\000i\000m\000e\000n\000s\000\343\000o}{section.6.1}% 33
\BOOKMARK [2][-]{subsection.6.1.5}{\376\377\000V\000a\000l\000i\000d\000a\000\347\000\343\000o\000\040\000d\000a\000\040\000c\000a\000d\000e\000i\000a\000\040\000d\000e\000\040\000c\000e\000r\000t\000i\000f\000i\000c\000a\000\347\000\343\000o}{section.6.1}% 34
\BOOKMARK [2][-]{subsection.6.1.6}{\376\377\000E\000x\000e\000c\000u\000\347\000\343\000o\000\040\000e\000\040\000u\000t\000i\000l\000i\000z\000a\000\347\000\343\000o}{section.6.1}% 35
\BOOKMARK [2][-]{subsection.6.1.7}{\376\377\000C\000o\000n\000c\000l\000u\000s\000\343\000o}{section.6.1}% 36
